Running sync...
Setting alarm for 11:30-04:00
Failed to set alarm for 11:30-04:00. No spots.
Setting alarm for 19:00-04:00
Failed to set alarm for 19:00-04:00. No spots.
Running sync...
Setting alarm for 11:30-04:00
Failed to set alarm for 11:30-04:00. No spots.
Setting alarm for 19:00-04:00
Failed to set alarm for 19:00-04:00. No spots.
Running sync...
Setting alarm for 17:30-04:00
Failed to set alarm for 17:30-04:00. No spots.
Setting alarm for 09:34-04:00
Failed to set alarm for 09:34-04:00. No spots.
Running sync...
Setting alarm for 17:30-04:00
Deleting: 2016-09-28 11:30-04:00
Setting alarm for 17:30-04:00
Failed to set alarm for 17:30-04:00: {u'errors': [{u'message': u'Cannot add more than 8 alarms to tracker.', u'errorType': u'request', u'fieldName': u'n/a'}]}
Setting alarm for 09:34-04:00
Deleting: 2016-09-28 11:30-04:00
Setting alarm for 09:34-04:00
Failed to set alarm for 09:34-04:00. No spots.
Running sync...
Setting alarm for 17:30-04:00
Success.
Setting alarm for 19:00-04:00
Deleting: 2016-09-28 13:00-04:00
Setting alarm for 19:00-04:00
Failed to set alarm for 19:00-04:00. No spots.
Setting alarm for 09:34-04:00
Deleting: 2016-09-28 13:00-04:00
Setting alarm for 09:34-04:00
Failed to set alarm for 09:34-04:00. No spots.
Running sync...
Setting alarm for 19:00-04:00
Failed to set alarm for 19:00-04:00. No spots.
Setting alarm for 09:34-04:00
Failed to set alarm for 09:34-04:00. No spots.
Running sync...
Setting alarm for 19:00-04:00
Deleting: 2016-09-28 14:30-04:00
Setting alarm for 19:00-04:00
Failed to set alarm for 19:00-04:00. No spots.
Setting alarm for 09:34-04:00
Deleting: 2016-09-28 14:30-04:00
Setting alarm for 09:34-04:00
Failed to set alarm for 09:34-04:00. No spots.
Running sync...
Setting alarm for 19:00-04:00
Deleting: 2016-09-28 16:00-04:00
Setting alarm for 19:00-04:00
Failed to set alarm for 19:00-04:00. No spots.
Setting alarm for 09:34-04:00
Deleting: 2016-09-28 16:00-04:00
Setting alarm for 09:34-04:00
Failed to set alarm for 09:34-04:00. No spots.
Running sync...
Setting alarm for 19:00-04:00
Failed to set alarm for 19:00-04:00. No spots.
Setting alarm for 09:34-04:00
Failed to set alarm for 09:34-04:00. No spots.
Running sync...
Setting alarm for 19:00-04:00
Success.
Setting alarm for 20:03-04:00
Success.
Setting alarm for 08:30-04:00
Success.
Setting alarm for 09:33-04:00
Deleting: 2016-09-28 17:30-04:00
Setting alarm for 09:33-04:00
Success.
Setting alarm for 10:36-04:00
Failed to set alarm for 10:36-04:00. No spots.
Setting alarm for 09:34-04:00
Deleting: 2016-09-28 17:30-04:00
Setting alarm for 09:34-04:00
Failed to set alarm for 09:34-04:00. No spots.
Running sync...
Setting alarm for 10:36-04:00
Deleting: 2016-09-28 19:00-04:00
Setting alarm for 10:36-04:00
Success.
Setting alarm for 11:39-04:00
Failed to set alarm for 11:39-04:00. No spots.
Setting alarm for 09:34-04:00
Deleting: 2016-09-28 19:00-04:00
Setting alarm for 09:34-04:00
Success.
Setting alarm for 10:38-04:00
Failed to set alarm for 10:38-04:00. No spots.
Running sync...
Setting alarm for 11:39-04:00
Failed to set alarm for 11:39-04:00. No spots.
Setting alarm for 10:38-04:00
Failed to set alarm for 10:38-04:00. No spots.
Running sync...
Setting alarm for 11:39-04:00
Deleting: 2016-09-28 20:03-04:00
Setting alarm for 11:39-04:00
Success.
Setting alarm for 12:42-04:00
Failed to set alarm for 12:42-04:00. No spots.
Setting alarm for 10:38-04:00
Success.
Setting alarm for 11:42-04:00
Success.
Setting alarm for 12:46-04:00
Success.
Setting alarm for 13:50-04:00
Success.
Setting alarm for 14:54-04:00
Success.
Setting alarm for 15:58-04:00
Deleting: 2016-09-28 20:04-04:00
Setting alarm for 15:58-04:00
Success.
Running sync...
Setting alarm for 12:42-04:00
Failed to set alarm for 12:42-04:00. No spots.
Running sync...
Setting alarm for 12:42-04:00
Failed to set alarm for 12:42-04:00. No spots.
Running sync...
Setting alarm for 12:42-04:00
Failed to set alarm for 12:42-04:00. No spots.
Running sync...
Setting alarm for 12:42-04:00
Failed to set alarm for 12:42-04:00. No spots.
Running sync...
Setting alarm for 12:42-04:00
Failed to set alarm for 12:42-04:00. No spots.
Running sync...
Setting alarm for 12:42-04:00
Failed to set alarm for 12:42-04:00. No spots.
Running sync...
Setting alarm for 12:42-04:00
Failed to set alarm for 12:42-04:00. No spots.
Running sync...
Setting alarm for 12:42-04:00
Failed to set alarm for 12:42-04:00. No spots.
Running sync...
Setting alarm for 12:42-04:00
Failed to set alarm for 12:42-04:00. No spots.
Running sync...
Setting alarm for 12:42-04:00
Failed to set alarm for 12:42-04:00. No spots.
Running sync...
Setting alarm for 12:42-04:00
Failed to set alarm for 12:42-04:00. No spots.
Running sync...
Setting alarm for 12:42-04:00
Deleting: 2016-09-29 08:30-04:00
Setting alarm for 12:42-04:00
Failed to set alarm for 12:42-04:00. No spots.
