
Adding reminders...
2016-09-26 19:00:00-04:00 is after 2016-09-26 00:00:00-04:00
2016-09-26 17:30:00-04:00 is after 2016-09-26 00:00:00-04:00
2016-09-26 16:00:00-04:00 is after 2016-09-26 00:00:00-04:00
2016-09-26 14:30:00-04:00 is after 2016-09-26 00:00:00-04:00
2016-09-26 13:00:00-04:00 is after 2016-09-26 00:00:00-04:00
2016-09-26 11:30:00-04:00 is after 2016-09-26 00:00:00-04:00
2016-09-26 10:00:00-04:00 is after 2016-09-26 00:00:00-04:00
2016-09-26 08:30:00-04:00 is after 2016-09-26 00:00:00-04:00
2016-09-25 20:30:00-04:00 is before 2016-09-26 00:00:00-04:00
2016-09-29 11:30:00-04:00 is after 2016-09-27 00:00:00-04:00
2016-09-29 10:00:00-04:00 is after 2016-09-27 00:00:00-04:00
2016-09-26 16:00:00-04:00 is before 2016-09-27 00:00:00-04:00
Num reminders: 2
Max reminders: 8
Adding reminder at 2016-09-29 13:00-04:00
2016-09-29 13:00:00-04:00 is after 2016-09-27 00:00:00-04:00
2016-09-29 11:30:00-04:00 is after 2016-09-27 00:00:00-04:00
2016-09-29 10:00:00-04:00 is after 2016-09-27 00:00:00-04:00
2016-09-26 16:00:00-04:00 is before 2016-09-27 00:00:00-04:00
Num reminders: 3
Max reminders: 8
Adding reminder at 2016-09-29 14:30-04:00
2016-09-29 14:30:00-04:00 is after 2016-09-27 00:00:00-04:00
2016-09-29 13:00:00-04:00 is after 2016-09-27 00:00:00-04:00
2016-09-29 11:30:00-04:00 is after 2016-09-27 00:00:00-04:00
2016-09-29 10:00:00-04:00 is after 2016-09-27 00:00:00-04:00
2016-09-26 16:00:00-04:00 is before 2016-09-27 00:00:00-04:00
Num reminders: 4
Max reminders: 8
Adding reminder at 2016-09-29 16:00-04:00
2016-09-29 16:00:00-04:00 is after 2016-09-27 00:00:00-04:00
2016-09-29 14:30:00-04:00 is after 2016-09-27 00:00:00-04:00
2016-09-29 13:00:00-04:00 is after 2016-09-27 00:00:00-04:00
2016-09-29 11:30:00-04:00 is after 2016-09-27 00:00:00-04:00
2016-09-29 10:00:00-04:00 is after 2016-09-27 00:00:00-04:00
2016-09-26 16:00:00-04:00 is before 2016-09-27 00:00:00-04:00
Num reminders: 5
Max reminders: 8
Adding reminder at 2016-09-29 17:30-04:00
2016-09-29 17:30:00-04:00 is after 2016-09-27 00:00:00-04:00
2016-09-29 16:00:00-04:00 is after 2016-09-27 00:00:00-04:00
2016-09-29 14:30:00-04:00 is after 2016-09-27 00:00:00-04:00
2016-09-29 13:00:00-04:00 is after 2016-09-27 00:00:00-04:00
2016-09-29 11:30:00-04:00 is after 2016-09-27 00:00:00-04:00
2016-09-29 10:00:00-04:00 is after 2016-09-27 00:00:00-04:00
2016-09-26 16:00:00-04:00 is before 2016-09-27 00:00:00-04:00
Num reminders: 6
Max reminders: 8
Adding reminder at 2016-09-29 19:00-04:00
2016-09-29 19:00:00-04:00 is after 2016-09-27 00:00:00-04:00
2016-09-29 17:30:00-04:00 is after 2016-09-27 00:00:00-04:00
2016-09-29 16:00:00-04:00 is after 2016-09-27 00:00:00-04:00
2016-09-29 14:30:00-04:00 is after 2016-09-27 00:00:00-04:00
2016-09-29 13:00:00-04:00 is after 2016-09-27 00:00:00-04:00
2016-09-29 11:30:00-04:00 is after 2016-09-27 00:00:00-04:00
2016-09-29 10:00:00-04:00 is after 2016-09-27 00:00:00-04:00
2016-09-26 16:00:00-04:00 is before 2016-09-27 00:00:00-04:00
Num reminders: 7
Max reminders: 8
Adding reminder at 2016-09-29 20:30-04:00
2016-09-29 20:30:00-04:00 is after 2016-09-27 00:00:00-04:00
2016-09-29 19:00:00-04:00 is after 2016-09-27 00:00:00-04:00
2016-09-29 17:30:00-04:00 is after 2016-09-27 00:00:00-04:00
2016-09-29 16:00:00-04:00 is after 2016-09-27 00:00:00-04:00
2016-09-29 14:30:00-04:00 is after 2016-09-27 00:00:00-04:00
2016-09-29 13:00:00-04:00 is after 2016-09-27 00:00:00-04:00
2016-09-29 11:30:00-04:00 is after 2016-09-27 00:00:00-04:00
2016-09-29 10:00:00-04:00 is after 2016-09-27 00:00:00-04:00
2016-09-26 16:00:00-04:00 is before 2016-09-27 00:00:00-04:00
